Flow report for HMB_MAX
Tue Mar 30 15:22:23 2010
Quartus II Version 9.1 Build 350 03/24/2010 Service Pack 2 SJ Full Version


---------------------
; Table of Contents ;
---------------------
  1. Legal Notice
  2. Flow Summary
  3. Flow Settings
  4. Flow Non-Default Global Settings
  5. Flow Elapsed Time
  6. Flow OS Summary
  7. Flow Log



----------------
; Legal Notice ;
----------------
Copyright (C) 1991-2010 Altera Corporation
Your use of Altera Corporation's design tools, logic functions 
and other software and tools, and its AMPP partner logic 
functions, and any output files from any of the foregoing 
(including device programming or simulation files), and any 
associated documentation or information are expressly subject 
to the terms and conditions of the Altera Program License 
Subscription Agreement, Altera MegaCore Function License 
Agreement, or other applicable license agreement, including, 
without limitation, that your use is for the sole purpose of 
programming logic devices manufactured by Altera and sold by 
Altera or its authorized distributors.  Please refer to the 
applicable agreement for further details.



+-------------------------------------------------------------------------+
; Flow Summary                                                            ;
+-------------------------+-----------------------------------------------+
; Flow Status             ; Successful - Tue Mar 30 15:22:23 2010         ;
; Quartus II Version      ; 9.1 Build 350 03/24/2010 SP 2 SJ Full Version ;
; Revision Name           ; HMB_MAX                                       ;
; Top-level Entity Name   ; HMB_MAX                                       ;
; Family                  ; MAX II                                        ;
; Device                  ; EPM2210F324C3                                 ;
; Timing Models           ; Final                                         ;
; Met timing requirements ; Yes                                           ;
; Total logic elements    ; 208 / 2,210 ( 9 % )                           ;
; Total pins              ; 205 / 272 ( 75 % )                            ;
; Total virtual pins      ; 0                                             ;
; UFM blocks              ; 0 / 1 ( 0 % )                                 ;
+-------------------------+-----------------------------------------------+


+-----------------------------------------+
; Flow Settings                           ;
+-------------------+---------------------+
; Option            ; Setting             ;
+-------------------+---------------------+
; Start date & time ; 03/30/2010 15:22:05 ;
; Main task         ; Compilation         ;
; Revision Name     ; HMB_MAX             ;
+-------------------+---------------------+


+-------------------------------------------------------------------------------------------------+
; Flow Non-Default Global Settings                                                                ;
+-----------------------+------------------------------+---------------+-------------+------------+
; Assignment Name       ; Value                        ; Default Value ; Entity Name ; Section Id ;
+-----------------------+------------------------------+---------------+-------------+------------+
; COMPILER_SIGNATURE_ID ; 144338710579.126993372404480 ; --            ; --          ; --         ;
+-----------------------+------------------------------+---------------+-------------+------------+


+-----------------------------------------------------------------------------------------------------------------------------+
; Flow Elapsed Time                                                                                                           ;
+-------------------------+--------------+-------------------------+---------------------+------------------------------------+
; Module Name             ; Elapsed Time ; Average Processors Used ; Peak Virtual Memory ; Total CPU Time (on all processors) ;
+-------------------------+--------------+-------------------------+---------------------+------------------------------------+
; Analysis & Synthesis    ; 00:00:05     ; 1.0                     ; 174 MB              ; 00:00:02                           ;
; Fitter                  ; 00:00:05     ; 1.0                     ; 179 MB              ; 00:00:02                           ;
; Assembler               ; 00:00:03     ; 1.0                     ; 137 MB              ; 00:00:01                           ;
; Classic Timing Analyzer ; 00:00:04     ; 1.0                     ; 122 MB              ; 00:00:01                           ;
; Total                   ; 00:00:17     ; --                      ; --                  ; 00:00:06                           ;
+-------------------------+--------------+-------------------------+---------------------+------------------------------------+


+---------------------------------------------------------------------------------------+
; Flow OS Summary                                                                       ;
+-------------------------+------------------+------------+------------+----------------+
; Module Name             ; Machine Hostname ; OS Name    ; OS Version ; Processor type ;
+-------------------------+------------------+------------+------------+----------------+
; Analysis & Synthesis    ; pg-jlyow         ; Windows XP ; 5.1        ; i686           ;
; Fitter                  ; pg-jlyow         ; Windows XP ; 5.1        ; i686           ;
; Assembler               ; pg-jlyow         ; Windows XP ; 5.1        ; i686           ;
; Classic Timing Analyzer ; pg-jlyow         ; Windows XP ; 5.1        ; i686           ;
+-------------------------+------------------+------------+------------+----------------+


------------
; Flow Log ;
------------
quartus_map --read_settings_files=on --write_settings_files=off HMB_MAX -c HMB_MAX
quartus_fit --read_settings_files=off --write_settings_files=off HMB_MAX -c HMB_MAX
quartus_asm --read_settings_files=off --write_settings_files=off HMB_MAX -c HMB_MAX
quartus_tan --read_settings_files=off --write_settings_files=off HMB_MAX -c HMB_MAX



