Placed Component Report
M:/QB3_V12/QB3_V12.brd
Wed Apr 18 17:01:12 2007
Total Placed Components:  331
REFDES,COMP_DEVICE_TYPE,COMP_VALUE,COMP_TOL,SYM_NAME,SYM_X,SYM_Y,SYM_ROTATE,SYM_MIRROR
1V2,TEST_POINT_TP1_VCC12,VCC12,,TP1,2790.00,2970.00,0.000,NO
1V8,TEST_POINT_TP1_VCC18,VCC18,,TP1,3880.00,2980.00,0.000,NO
1V25,TEST_POINT_TP1_VCC125,VCC125,,TP1,850.00,2580.00,0.000,NO
2V5,TEST_POINT_TP1_VCC25,VCC25,,TP1,1625.00,1325.00,0.000,NO
3V3,TEST_POINT_TP1_VCC33,VCC33,,TP1,4300.00,2225.00,0.000,NO
BC1,CAP_C-0603_0.001U,0.001U,,C-0603,3150.00,1370.00,45.000,YES
BC2,CAP_C-0603_0.1U,0.1U,,C-0603,3200.00,1320.00,45.000,YES
BC3,CAP_C-0603_0.001U,0.001U,,C-0603,3310.00,1210.00,45.000,YES
BC4,CAP_C-0603_0.1U,0.1U,,C-0603,3360.00,1160.00,45.000,YES
BC5,CAP_C-0402_0.1U,0.1U,,C-0402,3586.00,1844.00,225.000,YES
BC6,CAP_C-0402_0.1U,0.1U,,C-0402,3280.00,1622.00,315.000,YES
BC7,CAP_C-0402_0.1U,0.1U,,C-0402,3642.00,1260.00,135.000,YES
BC8,CAP_C-0402_0.1U,0.1U,,C-0402,3920.00,1538.00,135.000,YES
BC9,CAP_C-0402_0.1U,0.1U,,C-0402,3615.00,1677.50,135.000,YES
BC10,CAP_C-0402_0.1U,0.1U,,C-0402,3577.50,1640.00,135.000,YES
BC11,CAP_C-0402_0.1U,0.1U,,C-0402,3540.00,1602.50,135.000,YES
BC12,CAP_C-0402_0.1U,0.1U,,C-0402,3502.50,1565.00,135.000,YES
BC13,CAP_C-0402_0.1U,0.1U,,C-0402,3695.00,1595.00,315.000,YES
BC14,CAP_C-0402_0.1U,0.1U,,C-0402,3658.00,1556.00,315.000,YES
BC15,CAP_C-0402_0.1U,0.1U,,C-0402,3620.00,1518.00,315.000,YES
BC16,CAP_C-0402_0.1U,0.1U,,C-0402,3503.00,1845.00,315.000,YES
BC17,CAP_C-0402_0.1U,0.1U,,C-0402,3447.00,1789.00,315.000,YES
BC18,CAP_C-0402_0.1U,0.1U,,C-0402,3391.00,1733.00,315.000,YES
BC19,CAP_C-0402_0.1U,0.1U,,C-0402,3335.00,1483.00,45.000,YES
BC20,CAP_C-0402_0.1U,0.1U,,C-0402,3391.00,1427.00,45.000,YES
BC21,CAP_C-0402_0.1U,0.1U,,C-0402,3447.00,1371.00,45.000,YES
BC22,CAP_C-0402_0.1U,0.1U,,C-0402,3502.00,1316.00,45.000,YES
BC23,CAP_C-0402_0.1U,0.1U,,C-0402,3697.00,1316.00,135.000,YES
BC24,CAP_C-0402_0.1U,0.1U,,C-0402,3780.00,1399.00,135.000,YES
BC25,CAP_C-0402_0.1U,0.1U,,C-0402,3864.00,1482.00,135.000,YES
BC26,CAP_C-0402_0.1U,0.1U,,C-0402,3892.00,1650.00,225.000,YES
BC27,CAP_C-0402_0.1U,0.1U,,C-0402,3837.00,1705.00,225.000,YES
BC28,CAP_C-0402_0.1U,0.1U,,C-0402,3725.00,1817.00,225.000,YES
BC29,CAP_C-0402_0.1U,0.1U,,C-0402,3670.00,1872.00,225.000,YES
BC30,CAP_C-0603_1U,1U,,C-0603,2976.00,1102.00,180.000,NO
BC31,CAP_C-0603_0.1U,0.1U,,C-0603,2976.00,1027.00,180.000,NO
BC32,CAP_C-0603_0.01U,0.01U,,C-0603,2976.00,952.00,180.000,NO
BC33,CAP_C-0603_0.1U,0.1U,,C-0603,4905.00,2100.00,0.000,YES
BC34,CAP_C-0603_0.1U,0.1U,,C-0603,4905.00,1310.00,0.000,YES
BC35,CAP_C-0603_0.1U,0.1U,,C-0603,4905.00,960.00,0.000,YES
BC36,CAP_C-0603_0.001U,0.001U,,C-0603,4905.00,1740.00,0.000,YES
BC37,CAP_C-0603_0.001U,0.001U,,C-0603,4905.00,1190.00,0.000,YES
BC38,CAP_C-0603_0.001U,0.001U,,C-0603,4905.00,895.00,0.000,YES
BC39,CAP_C-0603_0.1U,0.1U,,C-0603,4795.00,2490.00,180.000,YES
BC40,CAP_C-0603_0.1U,0.1U,,C-0603,4795.00,2045.00,180.000,YES
BC41,CAP_C-0603_0.1U,0.1U,,C-0603,4795.00,1125.00,180.000,YES
BC42,CAP_C-0603_0.001U,0.001U,,C-0603,4795.00,2290.00,180.000,YES
BC43,CAP_C-0603_0.001U,0.001U,,C-0603,4795.00,1490.00,180.000,YES
BC44,CAP_C-0603_0.001U,0.001U,,C-0603,4795.00,1025.00,180.000,YES
BC45,CAP_C-0603_0.001U,0.001U,,C-0603,2155.00,1070.00,270.000,YES
BC46,CAP_C-0603_0.1U,0.1U,,C-0603,2220.00,1070.00,270.000,YES
BC47,CAP_C-0603_0.1U,0.1U,,C-0603,1755.00,1505.00,0.000,YES
BC48,CAP_C-0603_0.1U,0.1U,,C-0603,1755.00,1440.00,0.000,YES
BC49,CAP_C-0603_0.1U,0.1U,,C-0603,1755.00,1270.00,0.000,YES
BC50,CAP_C-0603_0.1U,0.1U,,C-0603,1755.00,1110.00,0.000,YES
BC51,CAP_C-0603_0.1U,0.1U,,C-0603,1755.00,1035.00,0.000,YES
BC52,CAP_C-0603_0.1U,0.1U,,C-0603,1755.00,650.00,0.000,YES
BC53,CAP_C-0603_0.1U,0.1U,,C-0603,2190.00,1190.00,0.000,YES
BC54,CAP_C-0603_0.1U,0.1U,,C-0603,2190.00,1340.00,0.000,YES
BC55,CAP_C-0603_0.1U,0.1U,,C-0603,2185.00,2680.00,90.000,NO
BC56,CAP_C-0603_0.1U,0.1U,,C-0603,1885.00,2215.00,180.000,YES
BC57,CAP_C-0603_0.1U,0.1U,,C-0603,2190.00,1810.00,270.000,NO
BC58,CAP_C-0603_0.1U,0.1U,,C-0603,2740.00,2260.00,0.000,NO
BC59,CAP_C-0603_0.1U,0.1U,,C-0603,2525.00,2680.00,90.000,NO
BC60,CAP_C-0603_0.1U,0.1U,,C-0603,2255.00,2680.00,90.000,NO
BC61,CAP_C-0603_0.1U,0.1U,,C-0603,2115.00,2680.00,90.000,NO
BC62,CAP_C-0603_0.1U,0.1U,,C-0603,1845.00,2680.00,90.000,NO
BC63,CAP_C-0603_0.1U,0.1U,,C-0603,1845.00,1810.00,270.000,NO
BC64,CAP_C-0603_0.1U,0.1U,,C-0603,2115.00,1810.00,270.000,NO
BC65,CAP_C-0603_0.1U,0.1U,,C-0603,2265.00,1810.00,270.000,NO
BC66,CAP_C-0603_0.1U,0.1U,,C-0603,2535.00,1810.00,270.000,NO
BC67,CAP_C-0603_0.1U,0.1U,,C-0603,920.00,2310.00,0.000,YES
BC68,CAP_C-0603_0.1U,0.1U,,C-0603,1390.00,2180.00,180.000,YES
BC69,CAP_C-0603_0.1U,0.1U,,C-0603,920.00,2375.00,0.000,YES
BC70,CAP_C-0603_0.1U,0.1U,,C-0603,920.00,2180.00,0.000,YES
BC71,CAP_C-0603_0.1U,0.1U,,C-0603,1390.00,2245.00,180.000,YES
BC72,CAP_C-0603_OPT,OPT,,C-0603,1280.00,3870.00,270.000,YES
BC73,CAP_C-0603_OPT,OPT,,C-0603,1490.00,3870.00,90.000,YES
BC74,CAP_C-0603_47P,47P,,C-0603,1600.00,3530.00,0.000,YES
BC75,CAP_C-0603_OPT,OPT,,C-0603,1600.00,3260.00,0.000,YES
BC76,CAP_C-0603_0.1U,0.1U,,C-0603,340.00,1045.00,180.000,NO
BC77,CAP_C-0603_0.1U,0.1U,,C-0603,700.00,1065.00,0.000,YES
BC78,CAP_C-0603_0.1U,0.1U,,C-0603,220.00,1545.00,0.000,YES
BC79,CAP_C-0603_0.1U,0.1U,,C-0603,600.00,1175.00,0.000,NO
BC80,CAP_C-0603_0.1U,0.1U,,C-0603,340.00,850.00,180.000,NO
BC81,CAP_C-0603_0.1U,0.1U,,C-0603,635.00,745.00,0.000,YES
BC82,CAP_C-0603_0.1U,0.1U,,C-0603,220.00,1285.00,0.000,YES
BC83,CAP_C-0603_0.1U,0.1U,,C-0603,375.00,1900.00,270.000,NO
BC84,CAP_C-0603_0.1U,0.1U,,C-0603,85.00,1900.00,270.000,NO
BC85,CAP_C-0603_0.1U,0.1U,,C-0603,340.00,490.00,180.000,NO
BC86,CAP_C-0603_0.1U,0.1U,,C-0603,1110.00,1795.00,90.000,NO
BC87,CAP_C-0603_0.1U,0.1U,,C-0603,645.00,655.00,180.000,NO
BC88,CAP_C-0603_0.1U,0.1U,,C-0603,1175.00,1795.00,270.000,NO
BC89,CAP_C-0603_0.1U,0.1U,,C-0603,785.00,1795.00,270.000,NO
BC90,CAP_C-0603_0.1U,0.1U,,C-0603,1050.00,1070.00,180.000,YES
BC91,CAP_C-0603_0.1U,0.1U,,C-0603,1050.00,775.00,180.000,YES
BC92,CAP_C-0603_0.1U,0.1U,,C-0603,1170.00,650.00,180.000,YES
BC93,CAP_C-0603_0.1U,0.1U,,C-0603,1290.00,650.00,180.000,YES
BC94,CAP_C-0603_0.1U,0.1U,,C-0603,1410.00,650.00,0.000,YES
BC95,CAP_C-0603_0.1U,0.1U,,C-0603,1410.00,935.00,0.000,YES
BC96,CAP_C-0603_0.1U,0.1U,,C-0603,815.00,1305.00,180.000,NO
BUTTON1,SW-BUTTON_SW-TACT-6X6_TACT SW,TACT SW,,SW-TACT-6X6,4025.00,125.00,0.000,NO
BUTTON2,SW-BUTTON_SW-TACT-6X6_TACT SW,TACT SW,,SW-TACT-6X6,3625.00,125.00,0.000,NO
BUTTON3,SW-BUTTON_SW-TACT-6X6_TACT SW,TACT SW,,SW-TACT-6X6,3225.00,125.00,0.000,NO
BUTTON4,SW-BUTTON_SW-TACT-6X6_TACT SW,TACT SW,,SW-TACT-6X6,2825.00,125.00,0.000,NO
C1,CAP_C-1210_100U,100U,,C-1210,3765.00,850.00,0.000,NO
C2,CAP_C-0603_1U,1U,,C-0603,4120.00,560.00,270.000,YES
C3,CAP_C-0603_1U,1U,,C-0603,4050.00,560.00,270.000,YES
C4,CAP_C-0603_1U,1U,,C-0603,3980.00,560.00,270.000,YES
C5,CAP_C-0603_1U,1U,,C-0603,3910.00,560.00,270.000,YES
C6,CAP_C-1206_10U,10U,,C-1206,4870.00,1600.00,0.000,YES
C7,CAP_C-1210_100U,100U,,C-1210,4765.00,2390.00,180.000,YES
C8,CAP_C-1206_10U,10U,,C-1206,1670.00,720.00,270.000,NO
C9,CAP_C-1206_10U,10U,,C-1206,1750.00,1840.00,270.000,NO
C10,CAP_C-1206_10U,10U,,C-1206,800.00,2130.00,90.000,NO
C11,CAP_C-1206_10U,10U,,C-1206,840.00,3630.00,90.000,NO
C12,CAP_C-1206_10U,10U,,C-1206,730.00,3630.00,90.000,NO
C13,CAP_C-1206_10U,10U,,C-1206,620.00,3630.00,90.000,NO
C14,CAP_C-1210_100U,100U,,C-1210,825.00,3410.00,270.000,NO
C15,CAP_C-1210_100U,100U,,C-1210,795.00,3245.00,0.000,NO
C16,CAP_C-1206_10U,10U,,C-1206,1180.00,2710.00,0.000,NO
C17,CAP_C-1206_10U,10U,,C-1206,1180.00,3040.00,0.000,NO
C18,CAP_C-0603_330P,330P,,C-0603,990.00,2735.00,180.000,NO
C19,CAP_C-1210_100U,100U,,C-1210,1390.00,2730.00,0.000,NO
C20,CAP_C-1210_100U,100U,,C-1210,1700.00,2730.00,180.000,NO
C21,CAP_C-0603_2.2N,2.2N,,C-0603,830.00,2980.00,90.000,NO
C22,CAP_C-0603_100P,100P,,C-0603,860.00,2885.00,0.000,NO
C23,CAP_C-0603_0.68U,0.68U,,C-0603,2265.00,3130.00,180.000,NO
C24,CAP_C-1206_10U,10U,,C-1206,1975.00,3640.00,270.000,NO
C25,CAP_C-0603_1.5N,1.5N,,C-0603,1995.00,3230.00,270.000,NO
C26,CAP_C-1206_10U,10U,,C-1206,2215.00,3640.00,270.000,NO
C27,CAP_C-0603_0.68U,0.68U,,C-0603,3180.00,3230.00,90.000,NO
C28,CAP_C-1206_10U,10U,,C-1206,2955.00,3640.00,270.000,NO
C29,CAP_C-0603_1.5N,1.5N,,C-0603,2980.00,3230.00,270.000,NO
C30,CAP_C-1206_10U,10U,,C-1206,3195.00,3640.00,270.000,NO
C31,CAP_C-0603_0.68U,0.68U,,C-0603,4165.00,3230.00,90.000,NO
C32,CAP_C-1206_10U,10U,,C-1206,3935.00,3640.00,270.000,NO
C33,CAP_C-0603_1.5N,1.5N,,C-0603,3955.00,3230.00,270.000,NO
C35,CAP_C-0603_47P,47P,,C-0603,815.00,1240.00,0.000,NO
C36,CAP_C-1206_10U,10U,,C-1206,230.00,1900.00,0.000,NO
C37,CAP_C-0603_1U,1U,,C-0603,3840.00,560.00,270.000,YES
C38,CAP_C-0603_1U,1U,,C-0603,3770.00,560.00,270.000,YES
CN1,CA_CA-AVE-0603-8_0.1U,0.1U,,CA-AVE-0603-8,2655.00,1490.00,90.000,YES
CN2,CA_CA-AVE-0603-8_0.1U,0.1U,,CA-AVE-0603-8,2655.00,1280.00,90.000,YES
CN3,CA_CA-AVE-0603-8_0.1U,0.1U,,CA-AVE-0603-8,2655.00,1070.00,90.000,YES
CN4,CA_CA-AVE-0603-8_0.1U,0.1U,,CA-AVE-0603-8,2655.00,860.00,90.000,YES
CN5,CA_CA-AVE-0603-8_0.1U,0.1U,,CA-AVE-0603-8,2655.00,650.00,90.000,YES
CONF_DONE,LED_LED-0805_LEDB,LEDB,,LED-0805,4280.00,550.00,90.000,NO
CPU_RESET,SW-BUTTON_SW-TACT-6X6_TACT SW,TACT SW,,SW-TACT-6X6,2225.00,125.00,0.000,NO
D1,SCHOTTKYDIODE_DO-214AC_SM340A,SM340A,,DO-214AC,555.00,2590.00,180.000,NO
D2,SCHOTTKYDIODE_DO-214AC_SM340A,SM340A,,DO-214AC,555.00,2725.00,180.000,NO
D3,SCHOTTKYDIODE_DO-214AC_SM340A,SM340A,,DO-214AC,555.00,2860.00,180.000,NO
D4,SCHOTTKYDIODE_DO-214AC_SM340A,SM340A,,DO-214AC,555.00,2995.00,180.000,NO
D5,BAT54S_SOT-23_BAT54S,BAT54S,,SOT-23,2180.00,3210.00,180.000,NO
D6,SCHOTTKYDIODE_DO-214AC_SM340A,SM340A,,DO-214AC,2095.00,3680.00,270.000,NO
D7,BAT54S_SOT-23_BAT54S,BAT54S,,SOT-23,2865.00,3450.00,180.000,NO
D8,SCHOTTKYDIODE_DO-214AC_SM340A,SM340A,,DO-214AC,3075.00,3680.00,270.000,NO
D9,BAT54S_SOT-23_BAT54S,BAT54S,,SOT-23,3845.00,3450.00,180.000,NO
D10,SCHOTTKYDIODE_DO-214AC_SM340A,SM340A,,DO-214AC,4055.00,3680.00,270.000,NO
D11,BAT54S_SOT-23_BAT54S,BAT54S,,SOT-23,150.00,995.00,270.000,NO
D12,BAT54S_SOT-23_BAT54S,BAT54S,,SOT-23,150.00,1145.00,270.000,NO
FID1,FIDUCIAL_FID35R_FIDUCIAL,FIDUCIAL,,FID35R,200.00,400.00,0.000,NO
FID2,FIDUCIAL_FID35R_FIDUCIAL,FIDUCIAL,,FID35R,4800.00,400.00,0.000,NO
FID3,FIDUCIAL_FID35R_FIDUCIAL,FIDUCIAL,,FID35R,4800.00,3600.00,0.000,NO
FID4,FIDUCIAL_FID35R_FIDUCIAL,FIDUCIAL,,FID35R,200.00,3590.00,0.000,NO
FID5,FIDUCIAL_FID35R_FIDUCIAL,FIDUCIAL,,FID35R,3600.00,970.00,0.000,NO
FID6,FIDUCIAL_FID35R_FIDUCIAL,FIDUCIAL,,FID35R,3602.00,2250.00,0.000,NO
FID7,FIDUCIAL_FID35R_FIDUCIAL,FIDUCIAL,,FID35R,200.00,400.00,0.000,YES
FID8,FIDUCIAL_FID35R_FIDUCIAL,FIDUCIAL,,FID35R,4800.00,400.00,0.000,YES
FID9,FIDUCIAL_FID35R_FIDUCIAL,FIDUCIAL,,FID35R,4800.00,3600.00,0.000,YES
FID10,FIDUCIAL_FID35R_FIDUCIAL,FIDUCIAL,,FID35R,200.00,3590.00,0.000,YES
FLASH_CEN,LED_LED-0805_LEDB,LEDB,,LED-0805,1315.00,1345.00,270.000,NO
GND1,TEST_POINT_TP1_GND,GND,,TP1,950.00,2580.00,0.000,NO
GND2,TEST_POINT_TP1_GND,GND,,TP1,1625.00,1225.00,0.000,NO
GND3,TEST_POINT_TP1_GND,GND,,TP1,2890.00,2970.00,0.000,NO
GND4,TEST_POINT_TP1_GND,GND,,TP1,3980.00,2980.00,0.000,NO
GND5,TEST_POINT_TP1_GND,GND,,TP1,4300.00,2125.00,0.000,NO
J1,QSH-090-ALTERA_CON-QSH-180A_QSH,QSH-090-ALTERA,,CON-QSH-180A,4775.00,2000.00,270.000,NO
J2,JACK-DC_JACK-DC_2MM_DC_12V,DC_12V,,JACK-DC_2MM,345.00,3305.00,90.000,NO
J3,JACK-USB-B_JACK-USB-B_USB B-TYP,USB B-TYPE,,JACK-USB-B,585.00,1480.00,270.000,NO
J4,HEADER 2X5_CON-2X5M_2-54MM_JTAG,JTAG,,CON-2X5M_2-54MM,620.00,165.00,0.000,NO
J5,CPLDSIP_CON-2X5_2MM_CPLD ISP,CPLD ISP,,CON-2X5_2MM,145.00,540.00,90.000,NO
JP1,SIP2_SIP2_SIP2,SIP2,,SIP2,4090.00,2650.00,270.000,NO
JP2,SIP2-R_SIP2_SIP2,SIP2,,SIP2,3870.00,2650.00,270.000,NO
JP3,SIP2-R_SIP2_SIP2,SIP2,,SIP2,860.00,3115.00,0.000,NO
JP4,SIP2-R_SIP2_SIP2,SIP2,,SIP2,1545.00,2730.00,270.000,NO
JP5,SIP2-R_SIP2_SIP2,SIP2,,SIP2,2620.00,3550.00,90.000,NO
JP6,SIP2-R_SIP2_SIP2,SIP2,,SIP2,3600.00,3550.00,90.000,NO
JP7,SIP2-R_SIP2_SIP2,SIP2,,SIP2,4470.00,3550.00,90.000,NO
JP8,SIP2-R_SIP2_SIP2,SIP2,,SIP2,1070.00,460.00,0.000,NO
L1,INDUCTOR-1_IND-SPD0735_0.47UH,0.47UH,,IND-SPD0735,1440.00,2950.00,0.000,NO
L2,INDUCTOR-1_IND-SPD0735_6.8UH,6.8UH,,IND-SPD0735,2415.00,3350.00,270.000,NO
L3,INDUCTOR-1_IND-SPD0735_6.8UH,6.8UH,,IND-SPD0735,3395.00,3340.00,270.000,NO
L4,INDUCTOR-1_IND-SPD0735_6.8UH,6.8UH,,IND-SPD0735,4375.00,3340.00,270.000,NO
L5,INDUCTOR_L-0603_BEAD,BEAD,,L-0603,220.00,1415.00,0.000,YES
L6,INDUCTOR_L-0603_BEAD,BEAD,,L-0603,220.00,1350.00,0.000,YES
L7,INDUCTOR_L-0603_BEAD,BEAD,,L-0603,220.00,1480.00,0.000,YES
LED1,LED_LED-0805_LEDB,LEDB,,LED-0805,3812.50,550.00,90.000,NO
LED2,LED_LED-0805_LEDB,LEDB,,LED-0805,3637.50,550.00,90.000,NO
LED3,LED_LED-0805_LEDB,LEDB,,LED-0805,3462.50,550.00,90.000,NO
LED4,LED_LED-0805_LEDB,LEDB,,LED-0805,3287.50,550.00,90.000,NO
LINK,LED_LED-0805_LEDB,LEDB,,LED-0805,4515.00,550.00,90.000,NO
LOAD,LED_LED-0805_LEDB,LEDB,,LED-0805,800.00,1575.00,90.000,NO
MH1,MH_MTG-250D126_GND,GND,,MTG-250D126,200.00,200.00,0.000,NO
MH2,MH_MTG-250D126_GND,GND,,MTG-250D126,4800.00,200.00,0.000,NO
MH3,MH_MTG-250D126_GND,GND,,MTG-250D126,4775.00,600.00,0.000,NO
MH4,MH_MTG-250D126_GND,GND,,MTG-250D126,4775.00,3400.00,0.000,NO
MH5,MH_MTG-250D126_GND,GND,,MTG-250D126,4800.00,3800.00,0.000,NO
MH6,MH_MTG-250D126_GND,GND,,MTG-250D126,200.00,3800.00,0.000,NO
POWER,LED_LED-0805_LEDB,LEDB,,LED-0805,1505.00,1570.00,270.000,NO
Q1,BJT-PNP_SOT-23_8550,8550,,SOT-23,1390.00,1610.00,0.000,NO
Q2,BJT-NPN_SOT-23_8050,8050,,SOT-23,1245.00,1610.00,0.000,NO
Q3,BJT-PNP_SOT-23_8550,8550,,SOT-23,1100.00,1610.00,0.000,NO
Q4,BJT-NPN_SOT-23_8050,8050,,SOT-23,955.00,1610.00,0.000,NO
Q5,BJT-NPN_SOT-23_8050,8050,,SOT-23,4370.00,710.00,0.000,YES
Q6,BJT-NPN_SOT-23_8050,8050,,SOT-23,4220.00,710.00,0.000,YES
R1,RES_R-0603_100K,100K,,R-0603,2575.00,215.00,90.000,NO
R2,RES_R-0603_5.1K,5.1K,,R-0603,3980.00,2560.00,90.000,NO
R3,RES_R-0603_100,100,,R-0603,4035.00,1405.00,225.000,NO
R4,RES_R-0603_100,100,,R-0603,3820.00,1190.00,225.000,NO
R5,RES_R-0603_120,120,,R-0603,4400.00,535.00,270.000,NO
R6,RES_R-0603_24.9,24.9,,R-0603,2005.00,1607.00,180.000,NO
R7,RES_R-0603_24.9,24.9,,R-0603,2005.00,1542.00,180.000,NO
R8,RES_R-0603_100,100,,R-0603,2220.00,940.00,270.000,YES
R9,RES_R-0603_10K,10K,,R-0603,2155.00,940.00,90.000,YES
R10,RES_R-0603_22,22,,R-0603,1630.00,2230.00,0.000,NO
R11,RES_R-0603_5.1K,5.1K,,R-0603,2480.00,2410.00,180.000,YES
R12,RES_R-0603_5.1K,5.1K,,R-0603,2480.00,2150.00,180.000,YES
R13,RES_R-0603_5.1K,5.1K,,R-0603,2480.00,2280.00,0.000,YES
R14,RES_R-0603_5.1K,5.1K,,R-0603,2110.00,2020.00,0.000,YES
R15,RES_R-0603_5.1K,5.1K,,R-0603,1885.00,2475.00,180.000,YES
R16,RES_R-0603_5.1K,5.1K,,R-0603,2885.00,2105.00,0.000,YES
R17,RES_R-0603_5.1K,5.1K,,R-0603,2885.00,2430.00,0.000,YES
R18,RES_R-0603_5.1K,5.1K,,R-0603,2480.00,2020.00,180.000,YES
R19,RES_R-0603_5.1K,5.1K,,R-0603,2480.00,2085.00,180.000,YES
R20,RES_R-0603_5.1K,5.1K,,R-0603,920.00,2245.00,0.000,YES
R21,RES_R-0603_5.1K,5.1K,,R-0603,1390.00,2310.00,180.000,YES
R22,RES_R-0603_100K,100K,,R-0603,1600.00,3460.00,0.000,YES
R23,RES_R-0603_392K,392K,,R-0603,1600.00,3770.00,0.000,YES
R24,RES_R-0603_OPT,OPT,,R-0603,1600.00,3690.00,0.000,YES
R25,RES_R-0603_19.1K,19.1K,,R-0603,1600.00,3600.00,0.000,YES
R26,RES_R-0603_100K,100K,,R-0603,1350.00,3870.00,90.000,YES
R27,RES_R-0603_24K,24K,,R-0603,1420.00,3870.00,90.000,YES
R28,RES_R-0603_4.7M,4.7M,,R-0603,860.00,2755.00,0.000,NO
R29,RES_R-0603_100K,100K,,R-0603,955.00,2980.00,270.000,NO
R30,RES_R-0603_309K,309K,,R-0603,860.00,2820.00,180.000,NO
R31,RES_R-0603_5.1K,5.1K,,R-0603,890.00,2980.00,90.000,NO
R32,RES_R-0603_4.32K,4.32K,,R-0603,2095.00,3130.00,0.000,NO
R33,RES_R-0603_2.49K,2.49K,,R-0603,2065.00,3230.00,90.000,NO
R34,RES_R-0603_120,120,,R-0603,1500.00,1795.00,270.000,NO
R35,RES_R-0603_2.49K,2.49K,,R-0603,3050.00,3230.00,90.000,NO
R36,RES_R-0603_1.21K,1.21K,,R-0603,4095.00,3230.00,270.000,NO
R37,RES_R-0603_2.49K,2.49K,,R-0603,4025.00,3230.00,90.000,NO
R38,RES_R-0603_330,330,,R-0603,340.00,1175.00,0.000,NO
R39,RES_R-0603_1.5K,1.5K,,R-0603,340.00,915.00,0.000,NO
R40,RES_R-0603_22,22,,R-0603,340.00,785.00,0.000,NO
R41,RES_R-0603_22,22,,R-0603,340.00,720.00,0.000,NO
R42,RES_R-0603_22,22,,R-0603,815.00,1175.00,180.000,NO
R43,RES_R-0603_100K,100K,,R-0603,340.00,980.00,0.000,NO
R44,RES_R-0603_1.5K,1.5K,,R-0603,340.00,1110.00,180.000,NO
R45,RES_R-0603_120,120,,R-0603,815.00,1370.00,180.000,NO
R46,RES_R-0603_1.5K,1.5K,,R-0603,1050.00,650.00,180.000,YES
R47,RES_R-0603_120,120,,R-0603,1435.00,1325.00,270.000,NO
R48,RES_R-0603_10K,10K,,R-0603,4330.00,560.00,270.000,YES
R49,RES_R-0603_10K,10K,,R-0603,4260.00,560.00,90.000,YES
R50,RES_R-0603_120,120,,R-0603,4190.00,560.00,90.000,YES
R51,RES_R-0603_2.2K,2.2K,,R-0603,1240.00,1795.00,90.000,NO
R52,RES_R-0603_1K,1K,,R-0603,1305.00,1795.00,90.000,NO
R53,RES_R-0603_1K,1K,,R-0603,1370.00,1795.00,270.000,NO
R54,RES_R-0603_10K,10K,,R-0603,1435.00,1795.00,270.000,NO
R55,RES_R-0603_4.7K,4.7K,,R-0603,850.00,1795.00,90.000,NO
R56,RES_R-0603_1K,1K,,R-0603,915.00,1795.00,90.000,NO
R57,RES_R-0603_1K,1K,,R-0603,980.00,1795.00,270.000,NO
R58,RES_R-0603_10K,10K,,R-0603,1045.00,1795.00,270.000,NO
R59,RES_R-0603_10K,10K,,R-0603,940.00,460.00,0.000,NO
R60,RES_R-0603_100K,100K,,R-0603,3990.00,850.00,90.000,NO
R61,RES_R-0603_100K,100K,,R-0603,3920.00,850.00,90.000,NO
RECONFIGURE,SW-BUTTON_SW-TACT-6X6_TACT SW,TACT SW,,SW-TACT-6X6,1825.00,125.00,0.000,NO
REG1,LTM4603EV_LGA-118_LTM4603EV-1,LTM4603EV-1,,LGA-118,1215.00,3485.00,0.000,NO
REG2,LTC3413_TSSOP-16E_LTC3413,LTC3413,,TSSOP-16E,1130.00,2875.00,270.000,NO
REG3,LT1959_SOIC-8_LT1959,LT1959,,SOIC-8,2105.00,3410.00,270.000,NO
REG4,LT1959_SOIC-8_LT1959,LT1959,,SOIC-8,3085.00,3410.00,270.000,NO
REG5,LT1959_SOIC-8_LT1959,LT1959,,SOIC-8,4065.00,3410.00,270.000,NO
REG6,REG-SOT-223_SOT-223_LT1117CST-3,LT1117CST-3.3,,SOT-223,230.00,2150.00,0.000,NO
RN1,RA_RA-VEX-0603-8_100K,100K,,RA-VEX-0603-8,3550.00,560.00,0.000,YES
RN2,RA_RA-VEX-0603-8_120,120,,RA-VEX-0603-8,4105.00,850.00,0.000,NO
RN3,RA_RA-VEX-0603-8_120,120,,RA-VEX-0603-8,3550.00,800.00,0.000,NO
RN4,RA-8R_RA-VEX-0603-16_10,10,,RA-VEX-0603-16,2510.00,1487.50,270.000,NO
RN5,RA-8R_RA-VEX-0603-16_10,10,,RA-VEX-0603-16,2510.00,1280.00,270.000,NO
RN6,RA-8R_RA-VEX-0603-16_22,22,,RA-VEX-0603-16,2510.00,860.00,270.000,NO
RN7,RA-8R_RA-VEX-0603-16_22,22,,RA-VEX-0603-16,2510.00,650.00,270.000,NO
RN8,RA-8R_RA-VEX-0603-16_22,22,,RA-VEX-0603-16,2510.00,1070.00,270.000,NO
RN9,RA-8R_RA-VEX-0603-16_56,56,,RA-VEX-0603-16,2510.00,1487.50,90.000,YES
RN10,RA-8R_RA-VEX-0603-16_56,56,,RA-VEX-0603-16,2510.00,1280.00,90.000,YES
RN11,RA-8R_RA-VEX-0603-16_56,56,,RA-VEX-0603-16,2510.00,860.00,90.000,YES
RN12,RA-8R_RA-VEX-0603-16_56,56,,RA-VEX-0603-16,2510.00,650.00,90.000,YES
RN13,RA-8R_RA-VEX-0603-16_56,56,,RA-VEX-0603-16,2510.00,1070.00,90.000,YES
RN14,RA-8R_RA-VEX-0603-16_22,22,,RA-VEX-0603-16,1980.00,1810.00,0.000,NO
RN15,RA-8R_RA-VEX-0603-16_22,22,,RA-VEX-0603-16,2400.00,1810.00,0.000,NO
RN16,RA-8R_RA-VEX-0603-16_22,22,,RA-VEX-0603-16,2390.00,2680.00,0.000,NO
RN17,RA-8R_RA-VEX-0603-16_22,22,,RA-VEX-0603-16,1980.00,2680.00,0.000,NO
RN18,RA-8R_RA-VEX-0603-16_22,22,,RA-VEX-0603-16,1630.00,2370.00,270.000,NO
RN19,RA-8R_RA-VEX-0603-16_22,22,,RA-VEX-0603-16,1630.00,2090.00,270.000,NO
RN20,RA-8R_RA-VEX-0603-16_22,22,,RA-VEX-0603-16,2740.00,2400.00,270.000,NO
RN21,RA-8R_RA-VEX-0603-16_22,22,,RA-VEX-0603-16,2740.00,2120.00,270.000,NO
RN22,RA_RA-VEX-0603-8_5.1K,5.1K,,RA-VEX-0603-8,785.00,2325.00,270.000,NO
RN23,RA_RA-VEX-0603-8_120,120,,RA-VEX-0603-8,635.00,625.00,90.000,YES
RN24,RA_RA-VEX-0603-8_10K,10K,,RA-VEX-0603-8,635.00,460.00,90.000,YES
RN25,RA_RA-VEX-0603-8_10K,10K,,RA-VEX-0603-8,340.00,605.00,270.000,NO
RS1,RES_R-1206_10M,10m,,R-1206,910.00,3020.00,180.000,YES
RS2,RES_R-1206_10M,10m,,R-1206,3500.00,3600.00,270.000,YES
SCL,TEST_POINT_TP1_SIP,SIP,,TP1,4300.00,2325.00,0.000,NO
SDA,TEST_POINT_TP1_SIP,SIP,,TP1,4300.00,2425.00,0.000,NO
SW1,SW-PUSH_SW-PUSH-8X8_POWER SW,POWER SW,,SW-PUSH-8X8,100.00,2775.00,0.000,NO
TC1,CAPT_CAPAE-D_47U/16V,47U/16V,,CAPAE-D,4320.00,2890.00,270.000,NO
TC2,CAPT_CAPAE-D_220U/6.3V,220U/6.3V,,CAPAE-D,2415.00,3680.00,90.000,NO
TC3,CAPT_CAPAE-D_220U/6.3V,220U/6.3V,,CAPAE-D,3395.00,3680.00,90.000,NO
TC4,CAPT_CAPAE-D_220U/6.3V,220U/6.3V,,CAPAE-D,4270.00,3680.00,90.000,NO
TP,RES_TP-0603_0,0,,TP-0603,3380.00,560.00,90.000,YES
U1,EP3C25F324_FBGA-324_(S1+S2+S3+S,EP3C25F324,,FBGA-324,3600.00,1580.00,315.000,NO
U2,ADG3304_TSSOP-14_ADG3304,ADG3304,,TSSOP-14,4320.00,2590.00,270.000,NO
U3,74245_TSSOP-20_74HC245,74HC245,,TSSOP-20,4050.00,605.00,0.000,NO
U4,DDR 4MX16X4_TSOP-66_DDR 4MX16X4,DDR 4Mx16x4,,TSOP-66,2000.00,1060.00,270.000,NO
U5,SSRAM 512KX36_TQFP-100N_SSRAM 2,SSRAM 256Kx36,,TQFP-100N,2185.00,2245.00,270.000,NO
U6,FLASH 32MX16_1_EASY_BGA-64_FLAS,FLASH 32Mx16,,EASY_BGA-64,1155.00,2240.00,90.000,NO
U7,EPM3128A_TQFP-100_EPM3128AT,EPM3128AT,,TQFP-100,1230.00,875.00,0.000,NO
U8,FT245BM_LQFP-32_FT245BL,FT245BL,,LQFP-32,645.00,900.00,0.000,NO
U9,EEPROM_SOIC-8_93LC46B,93LC46B,,SOIC-8,645.00,515.00,270.000,NO
U10,ADG3308_TSSOP-20_ADG3308,ADG3308,,TSSOP-20,1415.00,215.00,90.000,NO
Y1,OSC_OSC-5X7MM_50MHZ,50MHZ,,OSC-5X7MM,3195.00,1026.00,0.000,NO
Y2,OSC_OSC-5X7MM_24MHZ,24MHZ,,OSC-5X7MM,1035.00,1370.00,0.000,NO
